<html>
<head>
<title>TestNG:  sample test</title>
<link href="../testng.css" rel="stylesheet" type="text/css" />
<link href="../my-testng.css" rel="stylesheet" type="text/css" />

<style type="text/css">
.log { display: none;} 
.stack-trace { display: none;} 
</style>
<script type="text/javascript">
<!--
function flip(e) {
  current = e.style.display;
  if (current == 'block') {
    e.style.display = 'none';
    return 0;
  }
  else {
    e.style.display = 'block';
    return 1;
  }
}

function toggleBox(szDivId, elem, msg1, msg2)
{
  var res = -1;  if (document.getElementById) {
    res = flip(document.getElementById(szDivId));
  }
  else if (document.all) {
    // this is the way old msie versions work
    res = flip(document.all[szDivId]);
  }
  if(elem) {
    if(res == 0) elem.innerHTML = msg1; else elem.innerHTML = msg2;
  }

}

function toggleAllBoxes() {
  if (document.getElementsByTagName) {
    d = document.getElementsByTagName('div');
    for (i = 0; i < d.length; i++) {
      if (d[i].className == 'log') {
        flip(d[i]);
      }
    }
  }
}

// -->
</script>

</head>
<body>
<h2 align='center'>sample test</h2><table border='1' align="center">
<tr>
<td>Tests passed/Failed/Skipped:</td><td>1/0/3</td>
</tr><tr>
<td>Started on:</td><td>Wed Sep 21 22:53:41 IST 2016</td>
</tr>
<tr><td>Total time:</td><td>37 seconds (37941 ms)</td>
</tr><tr>
<td>Included groups:</td><td></td>
</tr><tr>
<td>Excluded groups:</td><td></td>
</tr>
</table><p/>
<small><i>(Hover the method name to see the test class name)</i></small><p/>
<table width='100%' border='1' class='invocation-failed'>
<tr><td colspan='4' align='center'><b>FAILED CONFIGURATIONS</b></td></tr>
<tr><td><b>Test method</b></td>
<td width="30%"><b>Exception</b></td>
<td width="10%"><b>Time (seconds)</b></td>
<td><b>Instance</b></td>
</tr>
<tr>
<td title='com.MySeleniumProject.Tests.GoogleTest.tearDown()'><b>tearDown</b><br>Test class: com.MySeleniumProject.Tests.GoogleTest</td>
<td><div><pre>org.openqa.selenium.remote.UnreachableBrowserException: Error communicating with the remote browser. It may have died.
Build info: version: &apos;2.52.0&apos;, revision: &apos;4c2593cfc3689a7fcd7be52549167e5ccc93ad28&apos;, time: &apos;2016-02-11 11:22:43&apos;
System info: host: &apos;Geetha_pc&apos;, ip: &apos;223.228.183.248&apos;, os.name: &apos;Windows 8&apos;, os.arch: &apos;amd64&apos;, os.version: &apos;6.2&apos;, java.version: &apos;1.7.0_45&apos;
Driver info: driver.version: RemoteWebDriver
Session ID: faaf7aadee1a785f742e5ac1c8c3da7e
Capabilities [{platform=WIN8, acceptSslCerts=true, javascriptEnabled=true, browserName=chrome, chrome={userDataDir=C:\Users\Geetha\AppData\Local\Temp\scoped_dir9844_22790, chromedriverVersion=2.23.409699 (49b0fa931cda1caad0ae15b7d1b68004acd05129)}, networkConnectionEnabled=false, rotatable=false, locationContextEnabled=true, mobileEmulationEnabled=false, version=53.0.2785.116, takesHeapSnapshot=true, databaseEnabled=false, cssSelectorsEnabled=true, handlesAlerts=true, browserConnectionEnabled=false, webStorageEnabled=true, nativeEvents=true, hasTouchScreen=false, applicationCacheEnabled=false, takesScreenshot=true}]
	at org.openqa.selenium.remote.RemoteWebDriver.execute(RemoteWebDriver.java:665)
	at org.openqa.selenium.remote.RemoteWebDriver.execute(RemoteWebDriver.java:701)
	at org.openqa.selenium.remote.RemoteWebDriver.quit(RemoteWebDriver.java:526)
	at com.MySeleniumProject.Utils.TestsBaseSetUP.tearDown(TestsBaseSetUP.java:75)
	at java.util.concurrent.ThreadPoolExecutor.runWorker(ThreadPoolExecutor.java:1145)
	at java.util.concurrent.ThreadPoolExecutor$Worker.run(ThreadPoolExecutor.java:615)
	at java.lang.Thread.run(Thread.java:744)
Caused by: java.lang.IllegalStateException: UnixUtils may not be used on Windows
	at org.openqa.selenium.os.ProcessUtils.getProcessId(ProcessUtils.java:189)
	at org.openqa.selenium.os.UnixProcess$SeleniumWatchDog.getPID(UnixProcess.java:222)
	at org.openqa.selenium.os.UnixProcess$SeleniumWatchDog.access$300(UnixProcess.java:201)
	at org.openqa.selenium.os.UnixProcess.destroy(UnixProcess.java:132)
	at org.openqa.selenium.os.CommandLine.destroy(CommandLine.java:155)
	at org.openqa.selenium.remote.service.DriverService.stop(DriverService.java:196)
	at org.openqa.selenium.remote.service.DriverCommandExecutor.execute(DriverCommandExecutor.java:94)
	at org.openqa.selenium.remote.RemoteWebDriver.execute(RemoteWebDriver.java:644)
	... 18 more
... Removed 12 stack frames</pre></div><a href='#' onClick='toggleBox("stack-trace552681680", this, "Click to show all stack frames", "Click to hide stack frames")'>Click to show all stack frames</a>
<div class='stack-trace' id='stack-trace552681680'><pre>org.openqa.selenium.remote.UnreachableBrowserException: Error communicating with the remote browser. It may have died.
Build info: version: &apos;2.52.0&apos;, revision: &apos;4c2593cfc3689a7fcd7be52549167e5ccc93ad28&apos;, time: &apos;2016-02-11 11:22:43&apos;
System info: host: &apos;Geetha_pc&apos;, ip: &apos;223.228.183.248&apos;, os.name: &apos;Windows 8&apos;, os.arch: &apos;amd64&apos;, os.version: &apos;6.2&apos;, java.version: &apos;1.7.0_45&apos;
Driver info: driver.version: RemoteWebDriver
Session ID: faaf7aadee1a785f742e5ac1c8c3da7e
Capabilities [{platform=WIN8, acceptSslCerts=true, javascriptEnabled=true, browserName=chrome, chrome={userDataDir=C:\Users\Geetha\AppData\Local\Temp\scoped_dir9844_22790, chromedriverVersion=2.23.409699 (49b0fa931cda1caad0ae15b7d1b68004acd05129)}, networkConnectionEnabled=false, rotatable=false, locationContextEnabled=true, mobileEmulationEnabled=false, version=53.0.2785.116, takesHeapSnapshot=true, databaseEnabled=false, cssSelectorsEnabled=true, handlesAlerts=true, browserConnectionEnabled=false, webStorageEnabled=true, nativeEvents=true, hasTouchScreen=false, applicationCacheEnabled=false, takesScreenshot=true}]
	at org.openqa.selenium.remote.RemoteWebDriver.execute(RemoteWebDriver.java:665)
	at org.openqa.selenium.remote.RemoteWebDriver.execute(RemoteWebDriver.java:701)
	at org.openqa.selenium.remote.RemoteWebDriver.quit(RemoteWebDriver.java:526)
	at com.MySeleniumProject.Utils.TestsBaseSetUP.tearDown(TestsBaseSetUP.java:75)
	at sun.reflect.NativeMethodAccessorImpl.invoke0(Native Method)
	at sun.reflect.NativeMethodAccessorImpl.invoke(NativeMethodAccessorImpl.java:57)
	at sun.reflect.DelegatingMethodAccessorImpl.invoke(DelegatingMethodAccessorImpl.java:43)
	at java.lang.reflect.Method.invoke(Method.java:606)
	at org.testng.internal.MethodInvocationHelper.invokeMethod(MethodInvocationHelper.java:80)
	at org.testng.internal.Invoker.invokeConfigurationMethod(Invoker.java:564)
	at org.testng.internal.Invoker.invokeConfigurations(Invoker.java:213)
	at org.testng.internal.Invoker.invokeMethod(Invoker.java:786)
	at org.testng.internal.Invoker.invokeTestMethod(Invoker.java:901)
	at org.testng.internal.Invoker.invokeTestMethods(Invoker.java:1231)
	at org.testng.internal.TestMethodWorker.invokeTestMethods(TestMethodWorker.java:127)
	at org.testng.internal.TestMethodWorker.run(TestMethodWorker.java:111)
	at java.util.concurrent.ThreadPoolExecutor.runWorker(ThreadPoolExecutor.java:1145)
	at java.util.concurrent.ThreadPoolExecutor$Worker.run(ThreadPoolExecutor.java:615)
	at java.lang.Thread.run(Thread.java:744)
Caused by: java.lang.IllegalStateException: UnixUtils may not be used on Windows
	at org.openqa.selenium.os.ProcessUtils.getProcessId(ProcessUtils.java:189)
	at org.openqa.selenium.os.UnixProcess$SeleniumWatchDog.getPID(UnixProcess.java:222)
	at org.openqa.selenium.os.UnixProcess$SeleniumWatchDog.access$300(UnixProcess.java:201)
	at org.openqa.selenium.os.UnixProcess.destroy(UnixProcess.java:132)
	at org.openqa.selenium.os.CommandLine.destroy(CommandLine.java:155)
	at org.openqa.selenium.remote.service.DriverService.stop(DriverService.java:196)
	at org.openqa.selenium.remote.service.DriverCommandExecutor.execute(DriverCommandExecutor.java:94)
	at org.openqa.selenium.remote.RemoteWebDriver.execute(RemoteWebDriver.java:644)
	... 18 more
</pre></div></td>
<td>0</td>
<td>com.MySeleniumProject.Tests.GoogleTest@20f92649</td></tr>
</table><p>
<table width='100%' border='1' class='invocation-skipped'>
<tr><td colspan='4' align='center'><b>SKIPPED CONFIGURATIONS</b></td></tr>
<tr><td><b>Test method</b></td>
<td width="30%"><b>Exception</b></td>
<td width="10%"><b>Time (seconds)</b></td>
<td><b>Instance</b></td>
</tr>
<tr>
<td title='com.MySeleniumProject.Tests.GoogleTest.setUp()'><b>setUp</b><br>Test class: com.MySeleniumProject.Tests.GoogleTest</td>
<td></td>
<td>0</td>
<td>com.MySeleniumProject.Tests.GoogleTest@20f92649</td></tr>
<tr>
<td title='com.MySeleniumProject.Tests.GoogleTest.initializeTestBaseSetup()'><b>initializeTestBaseSetup</b><br>Test class: com.MySeleniumProject.Tests.GoogleTest</td>
<td></td>
<td>0</td>
<td>com.MySeleniumProject.Tests.GoogleTest@20f92649</td></tr>
<tr>
<td title='com.MySeleniumProject.Tests.GoogleTest.setUp()'><b>setUp</b><br>Test class: com.MySeleniumProject.Tests.GoogleTest</td>
<td></td>
<td>0</td>
<td>com.MySeleniumProject.Tests.GoogleTest@20f92649</td></tr>
<tr>
<td title='com.MySeleniumProject.Tests.GoogleTest.initializeTestBaseSetup()'><b>initializeTestBaseSetup</b><br>Test class: com.MySeleniumProject.Tests.GoogleTest</td>
<td></td>
<td>0</td>
<td>com.MySeleniumProject.Tests.GoogleTest@20f92649</td></tr>
<tr>
<td title='com.MySeleniumProject.Tests.GoogleTest.setUp()'><b>setUp</b><br>Test class: com.MySeleniumProject.Tests.GoogleTest</td>
<td></td>
<td>0</td>
<td>com.MySeleniumProject.Tests.GoogleTest@20f92649</td></tr>
<tr>
<td title='com.MySeleniumProject.Tests.GoogleTest.tearDown()'><b>tearDown</b><br>Test class: com.MySeleniumProject.Tests.GoogleTest</td>
<td></td>
<td>0</td>
<td>com.MySeleniumProject.Tests.GoogleTest@20f92649</td></tr>
<tr>
<td title='com.MySeleniumProject.Tests.GoogleTest.tearDown()'><b>tearDown</b><br>Test class: com.MySeleniumProject.Tests.GoogleTest</td>
<td></td>
<td>0</td>
<td>com.MySeleniumProject.Tests.GoogleTest@20f92649</td></tr>
<tr>
<td title='com.MySeleniumProject.Tests.GoogleTest.tearDown()'><b>tearDown</b><br>Test class: com.MySeleniumProject.Tests.GoogleTest</td>
<td></td>
<td>0</td>
<td>com.MySeleniumProject.Tests.GoogleTest@20f92649</td></tr>
</table><p>
<table width='100%' border='1' class='invocation-passed'>
<tr><td colspan='4' align='center'><b>PASSED TESTS</b></td></tr>
<tr><td><b>Test method</b></td>
<td width="30%"><b>Exception</b></td>
<td width="10%"><b>Time (seconds)</b></td>
<td><b>Instance</b></td>
</tr>
<tr>
<td title='com.MySeleniumProject.Tests.GoogleTest.testGoogleSearchTitle()'><b>testGoogleSearchTitle</b><br>Test class: com.MySeleniumProject.Tests.GoogleTest<br>Parameters: Google</td>
<td></td>
<td>0</td>
<td>com.MySeleniumProject.Tests.GoogleTest@20f92649</td></tr>
</table><p>
<table width='100%' border='1' class='invocation-skipped'>
<tr><td colspan='4' align='center'><b>SKIPPED TESTS</b></td></tr>
<tr><td><b>Test method</b></td>
<td width="30%"><b>Exception</b></td>
<td width="10%"><b>Time (seconds)</b></td>
<td><b>Instance</b></td>
</tr>
<tr>
<td title='com.MySeleniumProject.Tests.GoogleTest.testGoogleSearch()'><b>testGoogleSearch</b><br>Test class: com.MySeleniumProject.Tests.GoogleTest<br>Parameters: flower</td>
<td></td>
<td>0</td>
<td>com.MySeleniumProject.Tests.GoogleTest@20f92649</td></tr>
<tr>
<td title='com.MySeleniumProject.Tests.GoogleTest.testGoogleSearch()'><b>testGoogleSearch</b><br>Test class: com.MySeleniumProject.Tests.GoogleTest<br>Parameters: India</td>
<td></td>
<td>0</td>
<td>com.MySeleniumProject.Tests.GoogleTest@20f92649</td></tr>
<tr>
<td title='com.MySeleniumProject.Tests.GoogleTest.testGoogleSearch()'><b>testGoogleSearch</b><br>Test class: com.MySeleniumProject.Tests.GoogleTest<br>Parameters: USA</td>
<td></td>
<td>0</td>
<td>com.MySeleniumProject.Tests.GoogleTest@20f92649</td></tr>
</table><p>
</body>
</html>