<?xml version="1.0" encoding="UTF-8"?>
<testng-results skipped="3" failed="0" total="4" passed="1">
  <reporter-output>
  </reporter-output>
  <suite name="Page Object test example" duration-ms="37941" started-at="2016-09-21T17:23:41Z" finished-at="2016-09-21T17:24:19Z">
    <groups>
    </groups>
    <test name="sample test" duration-ms="37941" started-at="2016-09-21T17:23:41Z" finished-at="2016-09-21T17:24:19Z">
      <class name="com.MySeleniumProject.Tests.GoogleTest">
        <test-method status="PASS" signature="initializeTestBaseSetup(java.lang.String, java.lang.String)[pri:0, instance:com.MySeleniumProject.Tests.GoogleTest@20f92649]" name="initializeTestBaseSetup" is-config="true" duration-ms="34847" started-at="2016-09-21T22:53:41Z" finished-at="2016-09-21T22:54:16Z">
          <params>
            <param index="0">
              <value>
                <![CDATA[CHROME]]>
              </value>
            </param>
            <param index="1">
              <value>
                <![CDATA[http://www.google.com]]>
              </value>
            </param>
          </params>
          <reporter-output>
          </reporter-output>
        </test-method> <!-- initializeTestBaseSetup -->
        <test-method status="PASS" signature="initializeTestBaseSetup(java.lang.String, java.lang.String)[pri:0, instance:com.MySeleniumProject.Tests.GoogleTest@20f92649]" name="initializeTestBaseSetup" is-config="true" duration-ms="37875" started-at="2016-09-21T22:53:41Z" finished-at="2016-09-21T22:54:19Z">
          <params>
            <param index="0">
              <value>
                <![CDATA[CHROME]]>
              </value>
            </param>
            <param index="1">
              <value>
                <![CDATA[http://www.google.com]]>
              </value>
            </param>
          </params>
          <reporter-output>
          </reporter-output>
        </test-method> <!-- initializeTestBaseSetup -->
        <test-method status="PASS" signature="setUp()[pri:0, instance:com.MySeleniumProject.Tests.GoogleTest@20f92649]" name="setUp" is-config="true" duration-ms="1" started-at="2016-09-21T22:54:16Z" depends-on-methods="com.MySeleniumProject.Utils.TestsBaseSetUP.initializeTestBaseSetup" finished-at="2016-09-21T22:54:16Z">
          <reporter-output>
          </reporter-output>
        </test-method> <!-- setUp -->
        <test-method status="PASS" signature="testGoogleSearchTitle(java.lang.String)[pri:0, instance:com.MySeleniumProject.Tests.GoogleTest@20f92649]" name="testGoogleSearchTitle" duration-ms="176" started-at="2016-09-21T22:54:16Z" finished-at="2016-09-21T22:54:16Z">
          <params>
            <param index="0">
              <value>
                <![CDATA[Google]]>
              </value>
            </param>
          </params>
          <reporter-output>
          </reporter-output>
        </test-method> <!-- testGoogleSearchTitle -->
        <test-method status="FAIL" signature="tearDown()[pri:0, instance:com.MySeleniumProject.Tests.GoogleTest@20f92649]" name="tearDown" is-config="true" duration-ms="0" started-at="2016-09-21T22:54:16Z" finished-at="2016-09-21T22:54:16Z">
          <exception class="org.openqa.selenium.remote.UnreachableBrowserException">
            <message>
              <![CDATA[Error communicating with the remote browser. It may have died.
Build info: version: '2.52.0', revision: '4c2593cfc3689a7fcd7be52549167e5ccc93ad28', time: '2016-02-11 11:22:43'
System info: host: 'Geetha_pc', ip: '223.228.183.248', os.name: 'Windows 8', os.arch: 'amd64', os.version: '6.2', java.version: '1.7.0_45'
Driver info: driver.version: RemoteWebDriver
Session ID: faaf7aadee1a785f742e5ac1c8c3da7e
Capabilities [{platform=WIN8, acceptSslCerts=true, javascriptEnabled=true, browserName=chrome, chrome={userDataDir=C:\Users\Geetha\AppData\Local\Temp\scoped_dir9844_22790, chromedriverVersion=2.23.409699 (49b0fa931cda1caad0ae15b7d1b68004acd05129)}, networkConnectionEnabled=false, rotatable=false, locationContextEnabled=true, mobileEmulationEnabled=false, version=53.0.2785.116, takesHeapSnapshot=true, databaseEnabled=false, cssSelectorsEnabled=true, handlesAlerts=true, browserConnectionEnabled=false, webStorageEnabled=true, nativeEvents=true, hasTouchScreen=false, applicationCacheEnabled=false, takesScreenshot=true}]]]>
            </message>
            <full-stacktrace>
              <![CDATA[org.openqa.selenium.remote.UnreachableBrowserException: Error communicating with the remote browser. It may have died.
Build info: version: '2.52.0', revision: '4c2593cfc3689a7fcd7be52549167e5ccc93ad28', time: '2016-02-11 11:22:43'
System info: host: 'Geetha_pc', ip: '223.228.183.248', os.name: 'Windows 8', os.arch: 'amd64', os.version: '6.2', java.version: '1.7.0_45'
Driver info: driver.version: RemoteWebDriver
Session ID: faaf7aadee1a785f742e5ac1c8c3da7e
Capabilities [{platform=WIN8, acceptSslCerts=true, javascriptEnabled=true, browserName=chrome, chrome={userDataDir=C:\Users\Geetha\AppData\Local\Temp\scoped_dir9844_22790, chromedriverVersion=2.23.409699 (49b0fa931cda1caad0ae15b7d1b68004acd05129)}, networkConnectionEnabled=false, rotatable=false, locationContextEnabled=true, mobileEmulationEnabled=false, version=53.0.2785.116, takesHeapSnapshot=true, databaseEnabled=false, cssSelectorsEnabled=true, handlesAlerts=true, browserConnectionEnabled=false, webStorageEnabled=true, nativeEvents=true, hasTouchScreen=false, applicationCacheEnabled=false, takesScreenshot=true}]
	at org.openqa.selenium.remote.RemoteWebDriver.execute(RemoteWebDriver.java:665)
	at org.openqa.selenium.remote.RemoteWebDriver.execute(RemoteWebDriver.java:701)
	at org.openqa.selenium.remote.RemoteWebDriver.quit(RemoteWebDriver.java:526)
	at com.MySeleniumProject.Utils.TestsBaseSetUP.tearDown(TestsBaseSetUP.java:75)
	at sun.reflect.NativeMethodAccessorImpl.invoke0(Native Method)
	at sun.reflect.NativeMethodAccessorImpl.invoke(NativeMethodAccessorImpl.java:57)
	at sun.reflect.DelegatingMethodAccessorImpl.invoke(DelegatingMethodAccessorImpl.java:43)
	at java.lang.reflect.Method.invoke(Method.java:606)
	at org.testng.internal.MethodInvocationHelper.invokeMethod(MethodInvocationHelper.java:80)
	at org.testng.internal.Invoker.invokeConfigurationMethod(Invoker.java:564)
	at org.testng.internal.Invoker.invokeConfigurations(Invoker.java:213)
	at org.testng.internal.Invoker.invokeMethod(Invoker.java:786)
	at org.testng.internal.Invoker.invokeTestMethod(Invoker.java:901)
	at org.testng.internal.Invoker.invokeTestMethods(Invoker.java:1231)
	at org.testng.internal.TestMethodWorker.invokeTestMethods(TestMethodWorker.java:127)
	at org.testng.internal.TestMethodWorker.run(TestMethodWorker.java:111)
	at java.util.concurrent.ThreadPoolExecutor.runWorker(ThreadPoolExecutor.java:1145)
	at java.util.concurrent.ThreadPoolExecutor$Worker.run(ThreadPoolExecutor.java:615)
	at java.lang.Thread.run(Thread.java:744)
Caused by: java.lang.IllegalStateException: UnixUtils may not be used on Windows
	at org.openqa.selenium.os.ProcessUtils.getProcessId(ProcessUtils.java:189)
	at org.openqa.selenium.os.UnixProcess$SeleniumWatchDog.getPID(UnixProcess.java:222)
	at org.openqa.selenium.os.UnixProcess$SeleniumWatchDog.access$300(UnixProcess.java:201)
	at org.openqa.selenium.os.UnixProcess.destroy(UnixProcess.java:132)
	at org.openqa.selenium.os.CommandLine.destroy(CommandLine.java:155)
	at org.openqa.selenium.remote.service.DriverService.stop(DriverService.java:196)
	at org.openqa.selenium.remote.service.DriverCommandExecutor.execute(DriverCommandExecutor.java:94)
	at org.openqa.selenium.remote.RemoteWebDriver.execute(RemoteWebDriver.java:644)
	... 18 more
]]>
            </full-stacktrace>
          </exception> <!-- org.openqa.selenium.remote.UnreachableBrowserException -->
          <reporter-output>
          </reporter-output>
        </test-method> <!-- tearDown -->
        <test-method status="SKIP" signature="testGoogleSearch(java.lang.String)[pri:0, instance:com.MySeleniumProject.Tests.GoogleTest@20f92649]" name="testGoogleSearch" duration-ms="1" started-at="2016-09-21T22:54:19Z" data-provider="SearchProvider" finished-at="2016-09-21T22:54:19Z">
          <params>
            <param index="0">
              <value>
                <![CDATA[flower]]>
              </value>
            </param>
          </params>
          <reporter-output>
          </reporter-output>
        </test-method> <!-- testGoogleSearch -->
        <test-method status="SKIP" signature="setUp()[pri:0, instance:com.MySeleniumProject.Tests.GoogleTest@20f92649]" name="setUp" is-config="true" duration-ms="0" started-at="2016-09-21T22:54:19Z" depends-on-methods="com.MySeleniumProject.Utils.TestsBaseSetUP.initializeTestBaseSetup" finished-at="2016-09-21T22:54:19Z">
          <reporter-output>
          </reporter-output>
        </test-method> <!-- setUp -->
        <test-method status="SKIP" signature="tearDown()[pri:0, instance:com.MySeleniumProject.Tests.GoogleTest@20f92649]" name="tearDown" is-config="true" duration-ms="0" started-at="2016-09-21T22:54:19Z" finished-at="2016-09-21T22:54:19Z">
          <reporter-output>
          </reporter-output>
        </test-method> <!-- tearDown -->
        <test-method status="SKIP" signature="initializeTestBaseSetup(java.lang.String, java.lang.String)[pri:0, instance:com.MySeleniumProject.Tests.GoogleTest@20f92649]" name="initializeTestBaseSetup" is-config="true" duration-ms="0" started-at="2016-09-21T22:54:19Z" finished-at="2016-09-21T22:54:19Z">
          <reporter-output>
          </reporter-output>
        </test-method> <!-- initializeTestBaseSetup -->
        <test-method status="SKIP" signature="setUp()[pri:0, instance:com.MySeleniumProject.Tests.GoogleTest@20f92649]" name="setUp" is-config="true" duration-ms="0" started-at="2016-09-21T22:54:19Z" depends-on-methods="com.MySeleniumProject.Utils.TestsBaseSetUP.initializeTestBaseSetup" finished-at="2016-09-21T22:54:19Z">
          <reporter-output>
          </reporter-output>
        </test-method> <!-- setUp -->
        <test-method status="SKIP" signature="testGoogleSearch(java.lang.String)[pri:0, instance:com.MySeleniumProject.Tests.GoogleTest@20f92649]" name="testGoogleSearch" duration-ms="1" started-at="2016-09-21T22:54:19Z" data-provider="SearchProvider" finished-at="2016-09-21T22:54:19Z">
          <params>
            <param index="0">
              <value>
                <![CDATA[India]]>
              </value>
            </param>
          </params>
          <reporter-output>
          </reporter-output>
        </test-method> <!-- testGoogleSearch -->
        <test-method status="SKIP" signature="tearDown()[pri:0, instance:com.MySeleniumProject.Tests.GoogleTest@20f92649]" name="tearDown" is-config="true" duration-ms="0" started-at="2016-09-21T22:54:19Z" finished-at="2016-09-21T22:54:19Z">
          <reporter-output>
          </reporter-output>
        </test-method> <!-- tearDown -->
        <test-method status="SKIP" signature="initializeTestBaseSetup(java.lang.String, java.lang.String)[pri:0, instance:com.MySeleniumProject.Tests.GoogleTest@20f92649]" name="initializeTestBaseSetup" is-config="true" duration-ms="0" started-at="2016-09-21T22:54:19Z" finished-at="2016-09-21T22:54:19Z">
          <reporter-output>
          </reporter-output>
        </test-method> <!-- initializeTestBaseSetup -->
        <test-method status="SKIP" signature="testGoogleSearch(java.lang.String)[pri:0, instance:com.MySeleniumProject.Tests.GoogleTest@20f92649]" name="testGoogleSearch" duration-ms="1" started-at="2016-09-21T22:54:19Z" data-provider="SearchProvider" finished-at="2016-09-21T22:54:19Z">
          <params>
            <param index="0">
              <value>
                <![CDATA[USA]]>
              </value>
            </param>
          </params>
          <reporter-output>
          </reporter-output>
        </test-method> <!-- testGoogleSearch -->
        <test-method status="SKIP" signature="setUp()[pri:0, instance:com.MySeleniumProject.Tests.GoogleTest@20f92649]" name="setUp" is-config="true" duration-ms="0" started-at="2016-09-21T22:54:19Z" depends-on-methods="com.MySeleniumProject.Utils.TestsBaseSetUP.initializeTestBaseSetup" finished-at="2016-09-21T22:54:19Z">
          <reporter-output>
          </reporter-output>
        </test-method> <!-- setUp -->
        <test-method status="SKIP" signature="tearDown()[pri:0, instance:com.MySeleniumProject.Tests.GoogleTest@20f92649]" name="tearDown" is-config="true" duration-ms="0" started-at="2016-09-21T22:54:19Z" finished-at="2016-09-21T22:54:19Z">
          <reporter-output>
          </reporter-output>
        </test-method> <!-- tearDown -->
      </class> <!-- com.MySeleniumProject.Tests.GoogleTest -->
    </test> <!-- sample test -->
  </suite> <!-- Page Object test example -->
</testng-results>
